AudioVideoRecordingSample-master/build/outputs/logs/manifest-merger-debug-report.txt
-- Merging decision tree log ---
manifest
ADDED from flash_player_for_android_6.0\AudioVideoRecordingSample-master\AndroidManifest.xml:26:1-69:12
	package
		ADDED from flash_player_for_android_6.0\AudioVideoRecordingSample-master\AndroidManifest.xml:27:5-47
	xmlns:android
		ADDED from flash_player_for_android_6.0\AudioVideoRecordingSample-master\AndroidManifest.xml:26:11-69
uses-permission#android.permission.RECORD_AUDIO
ADDED from flash_player_for_android_6.0\AudioVideoRecordingSample-master\AndroidManifest.xml:29:5-71
	android:name
		ADDED from flash_player_for_android_6.0\AudioVideoRecordingSample-master\AndroidManifest.xml:29:22-68
uses-permission#android.permission.CAMERA
ADDED from flash_player_for_android_6.0\AudioVideoRecordingSample-master\AndroidManifest.xml:30:5-65
	android:name
		ADDED from flash_player_for_android_6.0\AudioVideoRecordingSample-master\AndroidManifest.xml:30:22-62
uses-permission#android.permission.WRITE_EXTERNAL_STORAGE
ADDED from flash_player_for_android_6.0\AudioVideoRecordingSample-master\AndroidManifest.xml:31:5-81
	android:name
		ADDED from flash_player_for_android_6.0\AudioVideoRecordingSample-master\AndroidManifest.xml:31:22-78
uses-permission#android.permission.MOUNT_UNMOUNT_FILESYSTEMS
ADDED from flash_player_for_android_6.0\AudioVideoRecordingSample-master\AndroidManifest.xml:32:5-84
	android:name
		ADDED from flash_player_for_android_6.0\AudioVideoRecordingSample-master\AndroidManifest.xml:32:22-81
uses-feature#0x00020000
ADDED from flash_player_for_android_6.0\AudioVideoRecordingSample-master\AndroidManifest.xml:34:5-36:35
	android:glEsVersion
		ADDED from flash_player_for_android_6.0\AudioVideoRecordingSample-master\AndroidManifest.xml:35:9-41
	android:required
		ADDED from flash_player_for_android_6.0\AudioVideoRecordingSample-master\AndroidManifest.xml:36:9-32
uses-feature#android.hardware.camera
ADDED from flash_player_for_android_6.0\AudioVideoRecordingSample-master\AndroidManifest.xml:42:5-60
	android:name
		ADDED from flash_player_for_android_6.0\AudioVideoRecordingSample-master\AndroidManifest.xml:42:19-57
uses-feature#android.hardware.camera.autofocus
ADDED from flash_player_for_android_6.0\AudioVideoRecordingSample-master\AndroidManifest.xml:43:5-70
	android:name
		ADDED from flash_player_for_android_6.0\AudioVideoRecordingSample-master\AndroidManifest.xml:43:19-67
uses-sdk
ADDED from flash_player_for_android_6.0\AudioVideoRecordingSample-master\AndroidManifest.xml:45:5-44
	android:minSdkVersion
		ADDED from flash_player_for_android_6.0\AudioVideoRecordingSample-master\AndroidManifest.xml:45:15-41
application
ADDED from flash_player_for_android_6.0\AudioVideoRecordingSample-master\AndroidManifest.xml:47:5-67:19
	android:label
		ADDED from flash_player_for_android_6.0\AudioVideoRecordingSample-master\AndroidManifest.xml:50:9-41
	android:allowBackup
		ADDED from flash_player_for_android_6.0\AudioVideoRecordingSample-master\AndroidManifest.xml:48:9-35
	android:icon
		ADDED from flash_player_for_android_6.0\AudioVideoRecordingSample-master\AndroidManifest.xml:49:9-45
	android:theme
		ADDED from flash_player_for_android_6.0\AudioVideoRecordingSample-master\AndroidManifest.xml:51:9-40
activity#com.serenegiant.audiovideosample.MainActivity
ADDED from flash_player_for_android_6.0\AudioVideoRecordingSample-master\AndroidManifest.xml:52:9-61:20
	android:label
		ADDED from flash_player_for_android_6.0\AudioVideoRecordingSample-master\AndroidManifest.xml:54:13-45
	android:theme
		ADDED from flash_player_for_android_6.0\AudioVideoRecordingSample-master\AndroidManifest.xml:55:13-77
	android:name
		ADDED from flash_player_for_android_6.0\AudioVideoRecordingSample-master\AndroidManifest.xml:53:13-73
intent-filter#android.intent.action.MAIN+android.intent.category.LAUNCHER
ADDED from flash_player_for_android_6.0\AudioVideoRecordingSample-master\AndroidManifest.xml:56:13-60:29
action#android.intent.action.MAIN
ADDED from flash_player_for_android_6.0\AudioVideoRecordingSample-master\AndroidManifest.xml:57:17-69
	android:name
		ADDED from flash_player_for_android_6.0\AudioVideoRecordingSample-master\AndroidManifest.xml:57:25-66
category#android.intent.category.LAUNCHER
ADDED from flash_player_for_android_6.0\AudioVideoRecordingSample-master\AndroidManifest.xml:59:17-77
	android:name
		ADDED from flash_player_for_android_6.0\AudioVideoRecordingSample-master\AndroidManifest.xml:59:27-74
activity#com.serenegiant.audiovideosample.LivePhotosActivity
ADDED from flash_player_for_android_6.0\AudioVideoRecordingSample-master\AndroidManifest.xml:62:9-66:20
	android:label
		ADDED from flash_player_for_android_6.0\AudioVideoRecordingSample-master\AndroidManifest.xml:65:13-45
	android:theme
		ADDED from flash_player_for_android_6.0\AudioVideoRecordingSample-master\AndroidManifest.xml:64:13-66
	android:name
		ADDED from flash_player_for_android_6.0\AudioVideoRecordingSample-master\AndroidManifest.xml:63:13-79